Exporter version: 6.4.4, Blender version: 2.83.3
========= Conversion from Blender to Babylon.js =========
	Scene settings used :
		Inline textures     :  false
		Material Type       :  PBR
		Positions Precision :  4
		Normals Precision   :  3
		UVs Precision       :  3
		Vert Color Precision:  3
		Mat Weight Precision:  2
		Keep Z-up r-handed  :  no
		Texture directory   :  C:\wamp\www\babylonjs\gitDownloadTry\DkWorld-LogC\dk\assets\structures\stepwell\
	Python World class constructor completed
	processing begun of camera (UniversalCamera):  Camera.001
	processing begun of node:  Camera
	processing begun of node:  Fence Post 002
	processing begun of node:  Fence Post 003
	processing begun of node:  Fence Post 004
	processing begun of node:  Fence Post 005
	processing begun of node:  Fence Post 006
	processing begun of node:  Fence Post 007
	processing begun of node:  Fence Post 008
	processing begun of node:  Fence Post 009
	processing begun of node:  Fence Post 010
	processing begun of node:  Fence Post 011
	processing begun of node:  Fence Post 012
	processing begun of node:  Fence Post 013
	processing begun of node:  Fence Post 014
	processing begun of node:  Fence Post 015
	processing begun of node:  Fence Post 016
	processing begun of node:  Fence Post 017
	processing begun of node:  Fence Post 018
	processing begun of node:  Fence Post 019
	processing begun of node:  Fence Post 020
	processing begun of node:  Fence Post 021
	processing begun of node:  Fence Post 022
	processing begun of node:  Fence Post 023
	processing begun of node:  Fence Post 024
	processing begun of node:  Fence Post 025
	processing begun of node:  Fence Post 026
	processing begun of node:  Fence Post 027
	processing begun of node:  Fence Post 028
	processing begun of node:  Fence Post 029
	processing begun of node:  Fence Post 030
	processing begun of node:  Fence Post 031
	processing begun of node:  Fence Post 032
	processing begun of node:  Fence Post 033
	processing begun of node:  Fence Post 034
	processing begun of node:  Fence Post 035
	processing begun of node:  Fence Post 036
	processing begun of node:  Fence Post 037
	processing begun of node:  Fence Post 038
	processing begun of node:  Fence Post 039
	processing begun of node:  Fence Post 040
	processing begun of node:  Fence Post 041
	processing begun of node:  Fence Post 042
	processing begun of node:  Fence Post 043
	processing begun of node:  Fence Post 044
	processing begun of node:  Fence Post 045
	processing begun of node:  Fence Post 046
	processing begun of node:  Fence Post 047
	processing begun of node:  Fence Post 048
	processing begun of node:  Fence Post 049
	processing begun of node:  Fence Post 050
	processing begun of node:  Fence Post 051
	processing begun of node:  Fence Post 052
	processing begun of node:  Fence Post 053
	processing begun of node:  Fence Post 054
	processing begun of node:  Fence Post 055
	processing begun of node:  Fence Post 056
	processing begun of node:  Fence Post 057
	processing begun of node:  Fence Post 058
	processing begun of node:  Fence Post 059
	processing begun of node:  Fence Post 060
	processing begun of node:  Fence Post 061
	processing begun of node:  Fence Post 062
	processing begun of node:  Fence Post 063
	processing begun of node:  Fence Post 064
	processing begun of node:  Fence Post 065
	processing begun of node:  Fence Post 066
	processing begun of node:  Fence Post 067
	processing begun of node:  Fence Post 068
	processing begun of node:  Fence Post 069
	processing begun of node:  Fence Post 070
	processing begun of node:  Fence Post 071
	processing begun of node:  Fence Post 072
	processing begun of node:  Fence Post 073
	processing begun of node:  Fence Post 074
	processing begun of node:  Fence Post 075
	processing begun of node:  Fence Post 076
	processing begun of node:  Fence Post 077
	processing begun of node:  Fence Post 078
	processing begun of node:  Fence Post 079
	processing begun of node:  Fence Post 080
	processing begun of node:  Fence Post 081
	processing begun of node:  Fence Post 082
	processing begun of node:  Fence Post 083
	processing begun of node:  Fence Post 084
	processing begun of node:  Fence Post 085
	processing begun of node:  Fence Post 086
	processing begun of node:  Fence Post 087
	processing begun of node:  Fence Post 088
	processing begun of node:  Fence Post 089
	processing begun of node:  Fence Post 090
	processing begun of node:  Fence Post 091
	processing begun of node:  Fence Post 092
	processing begun of node:  Fence Post 093
	processing begun of node:  Fence Post 094
	processing begun of node:  Fence Post 095
	processing begun of node:  Fence Post 096
	processing begun of node:  Fence Post 097
	processing begun of node:  Fence Post 098
	processing begun of node:  Fence Post 099
	processing begun of node:  Fence Post 100
	processing begun of node:  Gazebo 02
	processing begun of node:  Gazebo 03
	processing begun of node:  Gazebo 04
	processing begun of node:  Gazebo 05
	processing begun of node:  Palm Tree 02
	processing begun of node:  Palm Tree 03
	processing begun of node:  Palm Tree 04
	processing begun of node:  Palm Tree 05
	processing begun of node:  Palm Tree 06
	processing begun of node:  Palm Tree 07
	processing begun of node:  Palm Tree 08
	processing begun of node:  Palm Tree 09
	processing begun of node:  Palm Tree 10
	processing begun of node:  Palm Tree 11
	processing begun of node:  Palm Tree 12
	processing begun of node:  Vase 02
	processing begun of node:  Vase 03
	processing begun of node:  Vase 04
	processing begun of mesh:  Water.Shape
		processing begun of material:  Water
		Custom split normals with tangents being used
		num positions      :  4225
		num normals        :  4225
		num tangents       :  16900
		num uvs            :  8450
		num uvs2           :  0
		num colors         :  0
		num triangles      :  8192
	processing begun of node:  Water
	processing begun of mesh:  Fence Post 001.Shape
		WARNING: No materials have been assigned: 
		Custom split normals with tangents being used
		num positions      :  87
		num normals        :  87
		num tangents       :  348
		num uvs            :  174
		num uvs2           :  0
		num colors         :  0
		num triangles      :  62
	processing begun of node:  Fence Post 001
	processing begun of mesh:  Fence Wall.Shape
		processing begun of material:  Base
		Custom split normals with tangents being used
		num positions      :  248
		num normals        :  248
		num tangents       :  992
		num uvs            :  496
		num uvs2           :  0
		num colors         :  0
		num triangles      :  224
	processing begun of node:  Fence Wall
	processing begun of mesh:  Floor.Shape
		processing begun of material:  Base
		registered as also a user of material:  Base
		Custom split normals with tangents being used
		num positions      :  108
		num normals        :  108
		num tangents       :  432
		num uvs            :  216
		num uvs2           :  0
		num colors         :  0
		num triangles      :  64
	processing begun of node:  Floor
	processing begun of mesh:  Steps 01.Shape
		processing begun of material:  Base
		registered as also a user of material:  Base
		Custom split normals with tangents being used
		num positions      :  1751
		num normals        :  1751
		num tangents       :  7004
		num uvs            :  3502
		num uvs2           :  0
		num colors         :  0
		num triangles      :  1622
	processing begun of node:  Steps 01
	processing begun of mesh:  Steps 02.Shape
		processing begun of material:  Base
		registered as also a user of material:  Base
		Custom split normals with tangents being used
		num positions      :  1555
		num normals        :  1555
		num tangents       :  6220
		num uvs            :  3110
		num uvs2           :  0
		num colors         :  0
		num triangles      :  1516
	processing begun of node:  Steps 02
	processing begun of mesh:  Steps 04.Shape
		processing begun of material:  Base
		registered as also a user of material:  Base
		Custom split normals with tangents being used
		num positions      :  2454
		num normals        :  2454
		num tangents       :  9816
		num uvs            :  4908
		num uvs2           :  0
		num colors         :  0
		num triangles      :  2460
	processing begun of node:  Steps 04
	processing begun of mesh:  Steps 05.Shape
		processing begun of material:  Base
		registered as also a user of material:  Base
		Custom split normals with tangents being used
		num positions      :  2706
		num normals        :  2706
		num tangents       :  10824
		num uvs            :  5412
		num uvs2           :  0
		num colors         :  0
		num triangles      :  2652
	processing begun of node:  Steps 05
	processing begun of mesh:  Steps 06.Shape
		processing begun of material:  Base
		registered as also a user of material:  Base
		Custom split normals with tangents being used
		num positions      :  13791
		num normals        :  13791
		num tangents       :  55164
		num uvs            :  27582
		num uvs2           :  0
		num colors         :  0
		num triangles      :  18802
	processing begun of node:  Steps 06
	processing begun of mesh:  Steps 07.Shape
		processing begun of material:  Base
		registered as also a user of material:  Base
		Custom split normals with tangents being used
		num positions      :  3335
		num normals        :  3335
		num tangents       :  13340
		num uvs            :  6670
		num uvs2           :  0
		num colors         :  0
		num triangles      :  3508
	processing begun of node:  Steps 07
	processing begun of mesh:  Gazebo.Shape
		processing begun of material:  Base
		registered as also a user of material:  Base
		Custom split normals with tangents being used
		num positions      :  19973
		num normals        :  19973
		num tangents       :  79892
		num uvs            :  39946
		num uvs2           :  0
		num colors         :  0
		num triangles      :  20362
	processing begun of node:  Gazebo
	processing begun of mesh:  Palm Tree.Shape
		processing begun of material:  Base
		registered as also a user of material:  Base
		Custom split normals with tangents being used
		num positions      :  6861
		num normals        :  6861
		num tangents       :  27444
		num uvs            :  13722
		num uvs2           :  0
		num colors         :  0
		num triangles      :  8463
		WARNING: # of 0 area faces found:  56
	processing begun of node:  Palm Tree
	processing begun of mesh:  Vase.Shape
		processing begun of material:  Base
		registered as also a user of material:  Base
		Custom split normals with tangents being used
		num positions      :  1270
		num normals        :  1270
		num tangents       :  5080
		num uvs            :  2540
		num uvs2           :  0
		num colors         :  0
		num triangles      :  2144
	processing begun of node:  Vase
	processing begun of mesh:  Steps 03.Shape
		processing begun of material:  Base
		registered as also a user of material:  Base
		Custom split normals with tangents being used
		num positions      :  8193
		num normals        :  8193
		num tangents       :  32772
		num uvs            :  16386
		num uvs2           :  0
		num colors         :  0
		num triangles      :  10798
	processing begun of node:  Steps 03
	processing begun of mesh:  Bldg.Shape
		processing begun of material:  Base
		registered as also a user of material:  Base
		Custom split normals with tangents being used
		num positions      :  8331
		num normals        :  8331
		num tangents       :  33324
		num uvs            :  16662
		num uvs2           :  0
		num colors         :  0
		num triangles      :  7289
	processing begun of node:  Bldg
	processing begun of node:  Stepwell
	processing begun of light (DIRECTIONAL):  daz_sun
========= Writing of JSON file started =========
	writing mesh:  Water.Shape
	writing mesh:  Fence Post 001.Shape
	writing mesh:  Fence Wall.Shape
	writing mesh:  Floor.Shape
	writing mesh:  Steps 01.Shape
	writing mesh:  Steps 02.Shape
	writing mesh:  Steps 04.Shape
	writing mesh:  Steps 05.Shape
	writing mesh:  Steps 06.Shape
	writing mesh:  Steps 07.Shape
	writing mesh:  Gazebo.Shape
	writing mesh:  Palm Tree.Shape
	writing mesh:  Vase.Shape
	writing mesh:  Steps 03.Shape
	writing mesh:  Bldg.Shape
========= Writing of JSON file completed =========
========= end of processing =========
elapsed time:  0 min, 7.9308 secs
